{"level":"\u001b[32minfo\u001b[39m","message":"{\"method\":\"POST\",\"url\":\"/api/v1/auth/sendotp\",\"status\":200}","timestamp":"2024-09-04T10:56:51.358Z"}
{"level":"\u001b[32minfo\u001b[39m","message":"{\"method\":\"POST\",\"url\":\"/api/v1/auth/sendotp\",\"status\":200}","timestamp":"2024-09-04T10:57:56.205Z"}
{"level":"\u001b[32minfo\u001b[39m","message":"{\"method\":\"POST\",\"url\":\"/api/v1/auth/sendotp\",\"status\":200}","timestamp":"2024-09-04T11:06:52.351Z"}
{"level":"\u001b[31merror\u001b[39m","message":"User already exists from global","timestamp":"2024-09-04T11:06:52.520Z"}
{"level":"\u001b[32minfo\u001b[39m","message":"{\"method\":\"POST\",\"url\":\"/api/v1/auth/sendotp\",\"status\":200}","timestamp":"2024-09-04T11:53:54.087Z"}
{"level":"\u001b[31merror\u001b[39m","message":"User already exists from global","timestamp":"2024-09-04T11:53:54.376Z"}
{"level":"\u001b[32minfo\u001b[39m","message":"{\"method\":\"POST\",\"url\":\"/api/v1/auth/sendotp\",\"status\":200}","timestamp":"2024-09-04T11:54:27.662Z"}
{"level":"\u001b[31merror\u001b[39m","message":"User already exists ","timestamp":"2024-09-04T11:54:27.881Z"}
{"level":"\u001b[32minfo\u001b[39m","message":"{\"method\":\"POST\",\"url\":\"/api/v1/auth/sendotp\",\"status\":200}","timestamp":"2024-09-04T11:54:47.412Z"}
{"level":"\u001b[31merror\u001b[39m","message":"User already exists ","timestamp":"2024-09-04T11:54:47.534Z"}
{"level":"\u001b[32minfo\u001b[39m","message":"{\"method\":\"POST\",\"url\":\"/api/v1/auth/sendotp\",\"status\":200}","timestamp":"2024-09-04T11:54:48.876Z"}
{"level":"\u001b[31merror\u001b[39m","message":"User already exists ","timestamp":"2024-09-04T11:54:48.997Z"}
{"level":"\u001b[32minfo\u001b[39m","message":"{\"method\":\"POST\",\"url\":\"/api/v1/auth/sendotp\",\"status\":200}","timestamp":"2024-09-04T11:54:50.354Z"}
{"level":"\u001b[32minfo\u001b[39m","message":"{\"method\":\"POST\",\"url\":\"/api/v1/auth/sendotp\",\"status\":200}","timestamp":"2024-09-04T12:02:42.081Z"}
{"level":"\u001b[32minfo\u001b[39m","message":"{\"method\":\"POST\",\"url\":\"/api/v1/auth/login\",\"status\":200}","timestamp":"2024-09-04T12:27:45.958Z"}
{"level":"\u001b[32minfo\u001b[39m","message":"{\"method\":\"POST\",\"url\":\"/api/v1/auth/login\",\"status\":200}","timestamp":"2024-09-04T12:29:28.820Z"}
{"level":"\u001b[31merror\u001b[39m","message":"An error occurred","timestamp":"2024-09-04T12:29:29.499Z"}
{"level":"\u001b[32minfo\u001b[39m","message":"{\"method\":\"POST\",\"url\":\"/api/v1/auth/login\",\"status\":200}","timestamp":"2024-09-04T12:29:38.134Z"}
{"level":"\u001b[32minfo\u001b[39m","message":"{\"method\":\"POST\",\"url\":\"/api/v1/course/create-course\",\"status\":200}","timestamp":"2024-09-04T12:31:09.889Z"}
{"level":"\u001b[32minfo\u001b[39m","message":"{\"method\":\"GET\",\"url\":\"/api/v1/course/show-all-categories\",\"status\":200}","timestamp":"2024-09-05T06:32:17.892Z"}
{"level":"\u001b[32minfo\u001b[39m","message":"{\"method\":\"GET\",\"url\":\"/api/v1/course/show-all-categories\",\"status\":200}","timestamp":"2024-09-05T06:38:53.166Z"}
{"level":"\u001b[32minfo\u001b[39m","message":"{\"method\":\"GET\",\"url\":\"/api/v1/course/show-all-categories\",\"status\":200}","timestamp":"2024-09-05T06:39:00.997Z"}
{"level":"\u001b[32minfo\u001b[39m","message":"{\"method\":\"GET\",\"url\":\"/api/v1/course/show-all-categories\",\"status\":200}","timestamp":"2024-09-05T07:19:02.123Z"}
{"level":"\u001b[32minfo\u001b[39m","message":"{\"method\":\"GET\",\"url\":\"/api/v1/course/show-all-categories\",\"status\":200}","timestamp":"2024-09-05T07:22:09.432Z"}
{"level":"\u001b[32minfo\u001b[39m","message":"{\"method\":\"GET\",\"url\":\"/api/v1/course/show-all-categories\",\"status\":200}","timestamp":"2024-09-05T07:46:40.894Z"}
{"level":"\u001b[32minfo\u001b[39m","message":"{\"method\":\"GET\",\"url\":\"/api/v1/course/show-all-categories\",\"status\":200}","timestamp":"2024-09-05T07:46:46.583Z"}
{"level":"\u001b[32minfo\u001b[39m","message":"{\"method\":\"GET\",\"url\":\"/api/v1/course/show-all-categories\",\"status\":200}","timestamp":"2024-09-05T07:47:44.503Z"}
{"level":"\u001b[32minfo\u001b[39m","message":"{\"method\":\"GET\",\"url\":\"/api/v1/course/show-all-categories\",\"status\":200}","timestamp":"2024-09-05T08:11:11.902Z"}
{"level":"\u001b[32minfo\u001b[39m","message":"{\"method\":\"GET\",\"url\":\"/api/v1/course/show-all-categories\",\"status\":200}","timestamp":"2024-09-05T08:22:18.834Z"}
{"level":"\u001b[32minfo\u001b[39m","message":"{\"method\":\"GET\",\"url\":\"/api/v1/course/show-all-categories\",\"status\":200}","timestamp":"2024-09-05T08:22:31.595Z"}
{"level":"\u001b[32minfo\u001b[39m","message":"{\"method\":\"GET\",\"url\":\"/api/v1/course/show-all-categories\",\"status\":200}","timestamp":"2024-09-05T08:23:08.705Z"}
{"level":"\u001b[32minfo\u001b[39m","message":"{\"method\":\"GET\",\"url\":\"/api/v1/course/show-all-categories\",\"status\":200}","timestamp":"2024-09-05T08:25:07.058Z"}
{"level":"\u001b[32minfo\u001b[39m","message":"{\"method\":\"GET\",\"url\":\"/api/v1/course/show-all-categories\",\"status\":200}","timestamp":"2024-09-05T08:27:35.727Z"}
{"level":"\u001b[32minfo\u001b[39m","message":"{\"method\":\"GET\",\"url\":\"/api/v1/course/show-all-categories\",\"status\":200}","timestamp":"2024-09-05T08:27:36.854Z"}
{"level":"\u001b[32minfo\u001b[39m","message":"{\"method\":\"GET\",\"url\":\"/api/v1/course/show-all-categories\",\"status\":200}","timestamp":"2024-09-05T08:28:32.973Z"}
{"level":"\u001b[32minfo\u001b[39m","message":"{\"method\":\"POST\",\"url\":\"/api/v1/contact/contact-us\",\"status\":200}","timestamp":"2024-09-05T08:29:49.392Z"}
{"level":"\u001b[32minfo\u001b[39m","message":"{\"method\":\"GET\",\"url\":\"/api/v1/course/show-all-categories\",\"status\":200}","timestamp":"2024-09-05T08:30:55.423Z"}
{"level":"\u001b[32minfo\u001b[39m","message":"{\"method\":\"GET\",\"url\":\"/api/v1/course/show-all-categories\",\"status\":200}","timestamp":"2024-09-05T08:34:02.874Z"}
{"level":"\u001b[32minfo\u001b[39m","message":"{\"method\":\"POST\",\"url\":\"/api/v1/contact/contact-us\",\"status\":200}","timestamp":"2024-09-05T08:34:05.296Z"}
{"level":"\u001b[32minfo\u001b[39m","message":"{\"method\":\"GET\",\"url\":\"/api/v1/course/show-all-categories\",\"status\":200}","timestamp":"2024-09-05T09:28:12.476Z"}
{"level":"\u001b[32minfo\u001b[39m","message":"{\"method\":\"GET\",\"url\":\"/api/v1/course/show-all-categories\",\"status\":200}","timestamp":"2024-09-05T09:29:34.494Z"}
{"level":"\u001b[32minfo\u001b[39m","message":"{\"method\":\"GET\",\"url\":\"/api/v1/course/show-all-categories\",\"status\":200}","timestamp":"2024-09-05T09:29:37.126Z"}
{"level":"\u001b[32minfo\u001b[39m","message":"{\"method\":\"POST\",\"url\":\"/api/v1/contact/contact-us\",\"status\":200}","timestamp":"2024-09-05T09:30:27.290Z"}
{"level":"\u001b[32minfo\u001b[39m","message":"{\"method\":\"GET\",\"url\":\"/api/v1/course/show-all-categories\",\"status\":200}","timestamp":"2024-09-05T09:32:26.570Z"}
{"level":"\u001b[32minfo\u001b[39m","message":"{\"method\":\"GET\",\"url\":\"/api/v1/course/show-all-categories\",\"status\":200}","timestamp":"2024-09-05T09:32:39.345Z"}
{"level":"\u001b[32minfo\u001b[39m","message":"{\"method\":\"POST\",\"url\":\"/api/v1/contact/contact-us\",\"status\":200}","timestamp":"2024-09-05T09:32:56.404Z"}
{"level":"\u001b[32minfo\u001b[39m","message":"{\"method\":\"GET\",\"url\":\"/api/v1/course/show-all-categories\",\"status\":200}","timestamp":"2024-09-05T09:39:25.274Z"}
{"level":"\u001b[32minfo\u001b[39m","message":"{\"method\":\"GET\",\"url\":\"/api/v1/course/show-all-categories\",\"status\":200}","timestamp":"2024-09-05T09:39:29.834Z"}
{"level":"\u001b[32minfo\u001b[39m","message":"{\"method\":\"GET\",\"url\":\"/api/v1/course/show-all-categories\",\"status\":200}","timestamp":"2024-09-05T09:39:38.380Z"}
{"level":"\u001b[32minfo\u001b[39m","message":"{\"method\":\"POST\",\"url\":\"/api/v1/contact/contact-us\",\"status\":200}","timestamp":"2024-09-05T09:40:17.294Z"}
{"level":"\u001b[32minfo\u001b[39m","message":"{\"method\":\"GET\",\"url\":\"/api/v1/course/show-all-categories\",\"status\":200}","timestamp":"2024-09-05T09:41:31.648Z"}
{"level":"\u001b[32minfo\u001b[39m","message":"{\"method\":\"GET\",\"url\":\"/api/v1/course/show-all-categories\",\"status\":200}","timestamp":"2024-09-05T09:41:32.034Z"}
{"level":"\u001b[32minfo\u001b[39m","message":"{\"method\":\"POST\",\"url\":\"/api/v1/contact-us\",\"status\":200}","timestamp":"2024-09-05T09:41:48.897Z"}
{"level":"\u001b[32minfo\u001b[39m","message":"{\"method\":\"GET\",\"url\":\"/api/v1/course/show-all-categories\",\"status\":200}","timestamp":"2024-09-05T09:43:19.710Z"}
{"level":"\u001b[32minfo\u001b[39m","message":"{\"method\":\"GET\",\"url\":\"/api/v1/course/show-all-categories\",\"status\":200}","timestamp":"2024-09-05T09:43:53.226Z"}
{"level":"\u001b[32minfo\u001b[39m","message":"{\"method\":\"POST\",\"url\":\"/api/v1/contact/contact-us\",\"status\":200}","timestamp":"2024-09-05T09:44:09.364Z"}
{"level":"\u001b[32minfo\u001b[39m","message":"{\"method\":\"GET\",\"url\":\"/api/v1/course/show-all-categories\",\"status\":200}","timestamp":"2024-09-05T09:46:22.673Z"}
{"level":"\u001b[32minfo\u001b[39m","message":"{\"method\":\"POST\",\"url\":\"/api/v1/contact/contact-us\",\"status\":200}","timestamp":"2024-09-05T09:47:02.567Z"}
{"level":"\u001b[32minfo\u001b[39m","message":"{\"method\":\"GET\",\"url\":\"/api/v1/course/show-all-categories\",\"status\":200}","timestamp":"2024-09-05T09:47:54.893Z"}
{"level":"\u001b[32minfo\u001b[39m","message":"{\"method\":\"GET\",\"url\":\"/api/v1/course/show-all-categories\",\"status\":200}","timestamp":"2024-09-05T09:48:03.383Z"}
{"level":"\u001b[32minfo\u001b[39m","message":"{\"method\":\"GET\",\"url\":\"/api/v1/course/show-all-categories\",\"status\":200}","timestamp":"2024-09-05T09:48:35.980Z"}
{"level":"\u001b[32minfo\u001b[39m","message":"{\"method\":\"GET\",\"url\":\"/api/v1/course/show-all-categories\",\"status\":200}","timestamp":"2024-09-05T09:49:11.309Z"}
{"level":"\u001b[32minfo\u001b[39m","message":"{\"method\":\"GET\",\"url\":\"/api/v1/course/show-all-categories\",\"status\":200}","timestamp":"2024-09-05T09:49:31.488Z"}
{"level":"\u001b[32minfo\u001b[39m","message":"{\"method\":\"GET\",\"url\":\"/api/v1/course/show-all-categories\",\"status\":200}","timestamp":"2024-09-05T09:49:43.773Z"}
{"level":"\u001b[32minfo\u001b[39m","message":"{\"method\":\"GET\",\"url\":\"/api/v1/course/show-all-categories\",\"status\":200}","timestamp":"2024-09-05T09:49:44.556Z"}
{"level":"\u001b[32minfo\u001b[39m","message":"{\"method\":\"GET\",\"url\":\"/api/v1/course/show-all-categories\",\"status\":200}","timestamp":"2024-09-05T09:50:04.222Z"}
{"level":"\u001b[32minfo\u001b[39m","message":"{\"method\":\"GET\",\"url\":\"/api/v1/course/show-all-categories\",\"status\":200}","timestamp":"2024-09-05T09:50:19.074Z"}
{"level":"\u001b[32minfo\u001b[39m","message":"{\"method\":\"GET\",\"url\":\"/api/v1/course/show-all-categories\",\"status\":200}","timestamp":"2024-09-05T09:50:20.409Z"}
{"level":"\u001b[32minfo\u001b[39m","message":"{\"method\":\"GET\",\"url\":\"/api/v1/course/show-all-categories\",\"status\":200}","timestamp":"2024-09-05T09:50:33.852Z"}
{"level":"\u001b[32minfo\u001b[39m","message":"{\"method\":\"GET\",\"url\":\"/api/v1/course/show-all-categories\",\"status\":200}","timestamp":"2024-09-05T09:50:41.992Z"}
{"level":"\u001b[32minfo\u001b[39m","message":"{\"method\":\"GET\",\"url\":\"/api/v1/course/show-all-categories\",\"status\":200}","timestamp":"2024-09-05T09:50:42.532Z"}
{"level":"\u001b[32minfo\u001b[39m","message":"{\"method\":\"GET\",\"url\":\"/api/v1/course/show-all-categories\",\"status\":200}","timestamp":"2024-09-05T09:50:59.385Z"}
{"level":"\u001b[32minfo\u001b[39m","message":"{\"method\":\"GET\",\"url\":\"/api/v1/course/show-all-categories\",\"status\":200}","timestamp":"2024-09-05T09:54:43.904Z"}
{"level":"\u001b[32minfo\u001b[39m","message":"{\"method\":\"GET\",\"url\":\"/api/v1/course/show-all-categories\",\"status\":200}","timestamp":"2024-09-05T09:54:58.860Z"}
{"level":"\u001b[32minfo\u001b[39m","message":"{\"method\":\"GET\",\"url\":\"/api/v1/course/show-all-categories\",\"status\":200}","timestamp":"2024-09-05T09:56:23.735Z"}
{"level":"\u001b[32minfo\u001b[39m","message":"{\"method\":\"GET\",\"url\":\"/api/v1/course/show-all-categories\",\"status\":200}","timestamp":"2024-09-05T09:56:40.735Z"}
{"level":"\u001b[32minfo\u001b[39m","message":"{\"method\":\"GET\",\"url\":\"/api/v1/course/show-all-categories\",\"status\":200}","timestamp":"2024-09-05T09:57:40.282Z"}
{"level":"\u001b[32minfo\u001b[39m","message":"{\"method\":\"GET\",\"url\":\"/api/v1/course/show-all-categories\",\"status\":200}","timestamp":"2024-09-05T09:57:42.560Z"}
{"level":"\u001b[32minfo\u001b[39m","message":"{\"method\":\"GET\",\"url\":\"/api/v1/course/show-all-categories\",\"status\":200}","timestamp":"2024-09-05T09:59:24.410Z"}
{"level":"\u001b[32minfo\u001b[39m","message":"{\"method\":\"GET\",\"url\":\"/api/v1/course/show-all-categories\",\"status\":200}","timestamp":"2024-09-05T10:00:24.057Z"}
{"level":"\u001b[32minfo\u001b[39m","message":"{\"method\":\"GET\",\"url\":\"/api/v1/course/show-all-categories\",\"status\":200}","timestamp":"2024-09-05T10:01:13.254Z"}
{"level":"\u001b[32minfo\u001b[39m","message":"{\"method\":\"GET\",\"url\":\"/api/v1/course/show-all-categories\",\"status\":200}","timestamp":"2024-09-05T10:01:52.003Z"}
{"level":"\u001b[32minfo\u001b[39m","message":"{\"method\":\"GET\",\"url\":\"/api/v1/course/show-all-categories\",\"status\":200}","timestamp":"2024-09-05T10:02:31.434Z"}
{"level":"\u001b[32minfo\u001b[39m","message":"{\"method\":\"GET\",\"url\":\"/api/v1/course/show-all-categories\",\"status\":200}","timestamp":"2024-09-05T10:03:00.495Z"}
{"level":"\u001b[32minfo\u001b[39m","message":"{\"method\":\"GET\",\"url\":\"/api/v1/course/show-all-categories\",\"status\":200}","timestamp":"2024-09-05T10:03:05.776Z"}
{"level":"\u001b[32minfo\u001b[39m","message":"{\"method\":\"POST\",\"url\":\"/api/v1/contact/contact-us\",\"status\":200}","timestamp":"2024-09-05T10:03:21.764Z"}
{"level":"\u001b[32minfo\u001b[39m","message":"{\"method\":\"GET\",\"url\":\"/api/v1/course/show-all-categories\",\"status\":200}","timestamp":"2024-09-05T10:04:36.761Z"}
{"level":"\u001b[32minfo\u001b[39m","message":"{\"method\":\"GET\",\"url\":\"/api/v1/course/show-all-categories\",\"status\":200}","timestamp":"2024-09-05T10:04:47.827Z"}
{"level":"\u001b[32minfo\u001b[39m","message":"{\"method\":\"GET\",\"url\":\"/api/v1/course/show-all-categories\",\"status\":200}","timestamp":"2024-09-05T10:06:14.638Z"}
{"level":"\u001b[32minfo\u001b[39m","message":"{\"method\":\"GET\",\"url\":\"/api/v1/course/show-all-categories\",\"status\":200}","timestamp":"2024-09-05T10:06:40.851Z"}
{"level":"\u001b[32minfo\u001b[39m","message":"{\"method\":\"GET\",\"url\":\"/api/v1/course/show-all-categories\",\"status\":200}","timestamp":"2024-09-05T10:07:02.512Z"}
{"level":"\u001b[32minfo\u001b[39m","message":"{\"method\":\"GET\",\"url\":\"/api/v1/course/show-all-categories\",\"status\":200}","timestamp":"2024-09-05T10:07:27.229Z"}
{"level":"\u001b[32minfo\u001b[39m","message":"{\"method\":\"GET\",\"url\":\"/api/v1/course/show-all-categories\",\"status\":200}","timestamp":"2024-09-05T10:07:32.125Z"}
{"level":"\u001b[32minfo\u001b[39m","message":"{\"method\":\"POST\",\"url\":\"/api/v1/reach/contact\",\"status\":200}","timestamp":"2024-09-05T10:07:47.962Z"}
{"level":"\u001b[32minfo\u001b[39m","message":"{\"method\":\"GET\",\"url\":\"/api/v1/course/show-all-categories\",\"status\":200}","timestamp":"2024-09-05T10:12:39.308Z"}
{"level":"\u001b[32minfo\u001b[39m","message":"{\"method\":\"GET\",\"url\":\"/api/v1/course/show-all-categories\",\"status\":200}","timestamp":"2024-09-05T10:12:45.332Z"}
{"level":"\u001b[32minfo\u001b[39m","message":"{\"method\":\"POST\",\"url\":\"/api/v1/reach/contact\",\"status\":200}","timestamp":"2024-09-05T10:13:02.378Z"}
{"level":"\u001b[32minfo\u001b[39m","message":"{\"method\":\"GET\",\"url\":\"/api/v1/course/show-all-categories\",\"status\":200}","timestamp":"2024-09-05T10:14:12.969Z"}
{"level":"\u001b[32minfo\u001b[39m","message":"{\"method\":\"GET\",\"url\":\"/api/v1/course/show-all-categories\",\"status\":200}","timestamp":"2024-09-05T10:14:16.305Z"}
{"level":"\u001b[32minfo\u001b[39m","message":"{\"method\":\"GET\",\"url\":\"/api/v1/course/show-all-categories\",\"status\":200}","timestamp":"2024-09-05T10:14:40.097Z"}
{"level":"\u001b[32minfo\u001b[39m","message":"{\"method\":\"POST\",\"url\":\"/api/v1/reach/contact\",\"status\":200}","timestamp":"2024-09-05T10:14:44.432Z"}
{"level":"\u001b[32minfo\u001b[39m","message":"{\"method\":\"GET\",\"url\":\"/api/v1/course/show-all-categories\",\"status\":200}","timestamp":"2024-09-05T10:16:12.657Z"}
{"level":"\u001b[32minfo\u001b[39m","message":"{\"method\":\"GET\",\"url\":\"/api/v1/course/show-all-categories\",\"status\":200}","timestamp":"2024-09-05T10:16:58.488Z"}
{"level":"\u001b[32minfo\u001b[39m","message":"{\"method\":\"POST\",\"url\":\"/api/v1/contact/contact-us\",\"status\":200}","timestamp":"2024-09-05T10:17:35.502Z"}
{"level":"\u001b[32minfo\u001b[39m","message":"{\"method\":\"GET\",\"url\":\"/api/v1/course/show-all-categories\",\"status\":200}","timestamp":"2024-09-05T10:18:22.236Z"}
{"level":"\u001b[32minfo\u001b[39m","message":"{\"method\":\"GET\",\"url\":\"/api/v1/course/show-all-categories\",\"status\":200}","timestamp":"2024-09-05T10:18:31.271Z"}
{"level":"\u001b[32minfo\u001b[39m","message":"{\"method\":\"GET\",\"url\":\"/api/v1/course/show-all-categories\",\"status\":200}","timestamp":"2024-09-05T10:18:41.253Z"}
{"level":"\u001b[32minfo\u001b[39m","message":"{\"method\":\"GET\",\"url\":\"/api/v1/course/show-all-categories\",\"status\":200}","timestamp":"2024-09-05T10:18:53.508Z"}
{"level":"\u001b[32minfo\u001b[39m","message":"{\"method\":\"GET\",\"url\":\"/api/v1/course/show-all-categories\",\"status\":200}","timestamp":"2024-09-05T10:19:09.370Z"}
{"level":"\u001b[32minfo\u001b[39m","message":"{\"method\":\"GET\",\"url\":\"/api/v1/course/show-all-categories\",\"status\":200}","timestamp":"2024-09-05T10:19:22.186Z"}
{"level":"\u001b[32minfo\u001b[39m","message":"{\"method\":\"GET\",\"url\":\"/api/v1/course/show-all-categories\",\"status\":200}","timestamp":"2024-09-05T10:20:18.970Z"}
{"level":"\u001b[32minfo\u001b[39m","message":"{\"method\":\"POST\",\"url\":\"/api/v1/contact/contact-us\",\"status\":200}","timestamp":"2024-09-05T10:20:38.693Z"}
{"level":"\u001b[32minfo\u001b[39m","message":"{\"method\":\"GET\",\"url\":\"/api/v1/course/show-all-categories\",\"status\":200}","timestamp":"2024-09-05T10:58:25.123Z"}
{"level":"\u001b[32minfo\u001b[39m","message":"{\"method\":\"POST\",\"url\":\"/api/v1/auth/login\",\"status\":200}","timestamp":"2024-09-05T10:58:36.802Z"}
{"level":"\u001b[32minfo\u001b[39m","message":"{\"method\":\"GET\",\"url\":\"/api/v1/course/show-all-categories\",\"status\":200}","timestamp":"2024-09-05T11:11:04.872Z"}
{"level":"\u001b[32minfo\u001b[39m","message":"{\"method\":\"GET\",\"url\":\"/api/v1/course/show-all-categories\",\"status\":200}","timestamp":"2024-09-05T11:11:47.889Z"}
{"level":"\u001b[32minfo\u001b[39m","message":"{\"method\":\"GET\",\"url\":\"/api/v1/course/show-all-categories\",\"status\":200}","timestamp":"2024-09-05T11:12:18.762Z"}
{"level":"\u001b[32minfo\u001b[39m","message":"{\"method\":\"GET\",\"url\":\"/api/v1/course/show-all-categories\",\"status\":200}","timestamp":"2024-09-05T11:13:03.896Z"}
{"level":"\u001b[32minfo\u001b[39m","message":"{\"method\":\"GET\",\"url\":\"/api/v1/course/show-all-categories\",\"status\":200}","timestamp":"2024-09-05T11:13:08.745Z"}
{"level":"\u001b[32minfo\u001b[39m","message":"{\"method\":\"GET\",\"url\":\"/api/v1/course/show-all-categories\",\"status\":200}","timestamp":"2024-09-05T11:13:19.660Z"}
{"level":"\u001b[32minfo\u001b[39m","message":"{\"method\":\"GET\",\"url\":\"/api/v1/course/show-all-categories\",\"status\":200}","timestamp":"2024-09-05T11:17:24.436Z"}
{"level":"\u001b[32minfo\u001b[39m","message":"{\"method\":\"GET\",\"url\":\"/api/v1/course/show-all-categories\",\"status\":200}","timestamp":"2024-09-05T11:17:48.572Z"}
{"level":"\u001b[32minfo\u001b[39m","message":"{\"method\":\"GET\",\"url\":\"/api/v1/course/show-all-categories\",\"status\":200}","timestamp":"2024-09-05T11:18:17.131Z"}
{"level":"\u001b[32minfo\u001b[39m","message":"{\"method\":\"GET\",\"url\":\"/api/v1/course/show-all-categories\",\"status\":200}","timestamp":"2024-09-05T11:20:28.005Z"}
{"level":"\u001b[32minfo\u001b[39m","message":"{\"method\":\"GET\",\"url\":\"/api/v1/course/show-all-categories\",\"status\":200}","timestamp":"2024-09-05T11:21:48.189Z"}
{"level":"\u001b[32minfo\u001b[39m","message":"{\"method\":\"GET\",\"url\":\"/api/v1/course/show-all-categories\",\"status\":200}","timestamp":"2024-09-05T11:22:09.239Z"}
{"level":"\u001b[32minfo\u001b[39m","message":"{\"method\":\"GET\",\"url\":\"/api/v1/course/show-all-categories\",\"status\":200}","timestamp":"2024-09-05T11:23:26.013Z"}
{"level":"\u001b[32minfo\u001b[39m","message":"{\"method\":\"GET\",\"url\":\"/api/v1/course/show-all-categories\",\"status\":200}","timestamp":"2024-09-05T11:23:47.701Z"}
{"level":"\u001b[32minfo\u001b[39m","message":"{\"method\":\"GET\",\"url\":\"/api/v1/course/show-all-categories\",\"status\":200}","timestamp":"2024-09-05T11:24:35.291Z"}
{"level":"\u001b[32minfo\u001b[39m","message":"{\"method\":\"GET\",\"url\":\"/api/v1/course/show-all-categories\",\"status\":200}","timestamp":"2024-09-05T11:25:25.513Z"}
{"level":"\u001b[32minfo\u001b[39m","message":"{\"method\":\"GET\",\"url\":\"/api/v1/course/show-all-categories\",\"status\":200}","timestamp":"2024-09-05T11:25:31.000Z"}
{"level":"\u001b[32minfo\u001b[39m","message":"{\"method\":\"GET\",\"url\":\"/api/v1/course/show-all-categories\",\"status\":200}","timestamp":"2024-09-05T11:25:37.212Z"}
{"level":"\u001b[32minfo\u001b[39m","message":"{\"method\":\"GET\",\"url\":\"/api/v1/course/show-all-categories\",\"status\":200}","timestamp":"2024-09-05T11:25:53.080Z"}
{"level":"\u001b[32minfo\u001b[39m","message":"{\"method\":\"GET\",\"url\":\"/api/v1/course/show-all-categories\",\"status\":200}","timestamp":"2024-09-05T11:26:03.191Z"}
{"level":"\u001b[32minfo\u001b[39m","message":"{\"method\":\"GET\",\"url\":\"/api/v1/course/show-all-categories\",\"status\":200}","timestamp":"2024-09-05T11:26:47.607Z"}
{"level":"\u001b[32minfo\u001b[39m","message":"{\"method\":\"GET\",\"url\":\"/api/v1/course/show-all-categories\",\"status\":200}","timestamp":"2024-09-05T11:27:07.082Z"}
{"level":"\u001b[32minfo\u001b[39m","message":"{\"method\":\"GET\",\"url\":\"/api/v1/course/show-all-categories\",\"status\":200}","timestamp":"2024-09-05T11:27:42.766Z"}
{"level":"\u001b[32minfo\u001b[39m","message":"{\"method\":\"GET\",\"url\":\"/api/v1/course/show-all-categories\",\"status\":200}","timestamp":"2024-09-05T11:28:09.770Z"}
{"level":"\u001b[32minfo\u001b[39m","message":"{\"method\":\"GET\",\"url\":\"/api/v1/course/show-all-categories\",\"status\":200}","timestamp":"2024-09-05T11:28:34.773Z"}
{"level":"\u001b[32minfo\u001b[39m","message":"{\"method\":\"GET\",\"url\":\"/api/v1/course/show-all-categories\",\"status\":200}","timestamp":"2024-09-05T11:28:36.867Z"}
{"level":"\u001b[32minfo\u001b[39m","message":"{\"method\":\"GET\",\"url\":\"/api/v1/course/show-all-categories\",\"status\":200}","timestamp":"2024-09-05T11:29:06.366Z"}
{"level":"\u001b[32minfo\u001b[39m","message":"{\"method\":\"GET\",\"url\":\"/api/v1/course/show-all-categories\",\"status\":200}","timestamp":"2024-09-05T11:29:23.402Z"}
{"level":"\u001b[32minfo\u001b[39m","message":"{\"method\":\"GET\",\"url\":\"/api/v1/course/show-all-categories\",\"status\":200}","timestamp":"2024-09-05T11:30:25.381Z"}
{"level":"\u001b[32minfo\u001b[39m","message":"{\"method\":\"GET\",\"url\":\"/api/v1/course/show-all-categories\",\"status\":200}","timestamp":"2024-09-05T11:30:43.692Z"}
{"level":"\u001b[32minfo\u001b[39m","message":"{\"method\":\"GET\",\"url\":\"/api/v1/course/show-all-categories\",\"status\":200}","timestamp":"2024-09-05T11:33:23.485Z"}
{"level":"\u001b[32minfo\u001b[39m","message":"{\"method\":\"GET\",\"url\":\"/api/v1/course/show-all-categories\",\"status\":200}","timestamp":"2024-09-05T11:41:54.072Z"}
{"level":"\u001b[32minfo\u001b[39m","message":"{\"method\":\"GET\",\"url\":\"/api/v1/course/show-all-categories\",\"status\":200}","timestamp":"2024-09-05T11:43:57.308Z"}
{"level":"\u001b[32minfo\u001b[39m","message":"{\"method\":\"GET\",\"url\":\"/api/v1/course/show-all-categories\",\"status\":200}","timestamp":"2024-09-05T11:47:06.447Z"}
{"level":"\u001b[32minfo\u001b[39m","message":"{\"method\":\"GET\",\"url\":\"/api/v1/course/show-all-categories\",\"status\":200}","timestamp":"2024-09-05T11:48:54.712Z"}
{"level":"\u001b[32minfo\u001b[39m","message":"{\"method\":\"GET\",\"url\":\"/api/v1/course/show-all-categories\",\"status\":200}","timestamp":"2024-09-05T11:49:14.428Z"}
{"level":"\u001b[32minfo\u001b[39m","message":"{\"method\":\"GET\",\"url\":\"/api/v1/course/show-all-categories\",\"status\":200}","timestamp":"2024-09-05T11:49:50.378Z"}
{"level":"\u001b[32minfo\u001b[39m","message":"{\"method\":\"GET\",\"url\":\"/api/v1/course/show-all-categories\",\"status\":200}","timestamp":"2024-09-05T11:49:51.023Z"}
{"level":"\u001b[32minfo\u001b[39m","message":"{\"method\":\"GET\",\"url\":\"/api/v1/course/show-all-categories\",\"status\":200}","timestamp":"2024-09-05T11:50:06.140Z"}
{"level":"\u001b[32minfo\u001b[39m","message":"{\"method\":\"GET\",\"url\":\"/api/v1/course/show-all-categories\",\"status\":200}","timestamp":"2024-09-05T11:51:10.468Z"}
{"level":"\u001b[32minfo\u001b[39m","message":"{\"method\":\"GET\",\"url\":\"/api/v1/course/show-all-categories\",\"status\":200}","timestamp":"2024-09-05T11:51:24.394Z"}
{"level":"\u001b[32minfo\u001b[39m","message":"{\"method\":\"GET\",\"url\":\"/api/v1/course/show-all-categories\",\"status\":200}","timestamp":"2024-09-05T11:54:30.943Z"}
{"level":"\u001b[32minfo\u001b[39m","message":"{\"method\":\"GET\",\"url\":\"/api/v1/course/show-all-categories\",\"status\":200}","timestamp":"2024-09-05T11:58:47.209Z"}
{"level":"\u001b[32minfo\u001b[39m","message":"{\"method\":\"GET\",\"url\":\"/api/v1/course/show-all-categories\",\"status\":200}","timestamp":"2024-09-05T12:25:42.782Z"}
{"level":"\u001b[32minfo\u001b[39m","message":"{\"method\":\"GET\",\"url\":\"/api/v1/course/show-all-categories\",\"status\":200}","timestamp":"2024-09-05T12:25:51.725Z"}
{"level":"\u001b[32minfo\u001b[39m","message":"{\"method\":\"POST\",\"url\":\"/api/v1/auth/login\",\"status\":200}","timestamp":"2024-09-05T12:26:40.339Z"}
{"level":"\u001b[32minfo\u001b[39m","message":"{\"method\":\"GET\",\"url\":\"/api/v1/course/show-all-categories\",\"status\":200}","timestamp":"2024-09-05T12:27:20.535Z"}
{"level":"\u001b[32minfo\u001b[39m","message":"{\"method\":\"GET\",\"url\":\"/api/v1/course/show-all-categories\",\"status\":200}","timestamp":"2024-09-05T12:28:23.528Z"}
{"level":"\u001b[32minfo\u001b[39m","message":"{\"method\":\"GET\",\"url\":\"/api/v1/course/show-all-categories\",\"status\":200}","timestamp":"2024-09-05T12:28:29.277Z"}
{"level":"\u001b[32minfo\u001b[39m","message":"{\"method\":\"GET\",\"url\":\"/api/v1/course/show-all-categories\",\"status\":200}","timestamp":"2024-09-05T12:28:53.590Z"}
{"level":"\u001b[32minfo\u001b[39m","message":"{\"method\":\"GET\",\"url\":\"/api/v1/course/show-all-categories\",\"status\":200}","timestamp":"2024-09-10T06:14:29.800Z"}
{"level":"\u001b[32minfo\u001b[39m","message":"{\"method\":\"GET\",\"url\":\"/api/v1/course/show-all-categories\",\"status\":200}","timestamp":"2024-09-10T06:14:34.816Z"}
{"level":"\u001b[32minfo\u001b[39m","message":"{\"method\":\"POST\",\"url\":\"/api/v1/auth/login\",\"status\":200}","timestamp":"2024-09-10T06:15:02.385Z"}
{"level":"\u001b[32minfo\u001b[39m","message":"{\"method\":\"POST\",\"url\":\"/api/v1/auth/sendotp\",\"status\":200}","timestamp":"2024-09-10T06:15:45.385Z"}
{"level":"\u001b[32minfo\u001b[39m","message":"{\"method\":\"POST\",\"url\":\"/api/v1/auth/signup\",\"status\":200}","timestamp":"2024-09-10T06:16:24.409Z"}
{"level":"\u001b[32minfo\u001b[39m","message":"{\"method\":\"POST\",\"url\":\"/api/v1/auth/login\",\"status\":200}","timestamp":"2024-09-10T06:16:37.454Z"}
{"level":"\u001b[32minfo\u001b[39m","message":"{\"method\":\"POST\",\"url\":\"/api/v1/auth/sendotp\",\"status\":200}","timestamp":"2024-09-10T06:17:40.125Z"}
{"level":"\u001b[32minfo\u001b[39m","message":"{\"method\":\"POST\",\"url\":\"/api/v1/auth/sendotp\",\"status\":200}","timestamp":"2024-09-10T06:17:59.307Z"}
{"level":"\u001b[32minfo\u001b[39m","message":"{\"method\":\"GET\",\"url\":\"/api/v1/course/show-all-categories\",\"status\":200}","timestamp":"2024-09-10T06:19:46.898Z"}
{"level":"\u001b[32minfo\u001b[39m","message":"{\"method\":\"POST\",\"url\":\"/api/v1/auth/login\",\"status\":200}","timestamp":"2024-09-10T06:19:55.394Z"}
{"level":"\u001b[32minfo\u001b[39m","message":"{\"method\":\"POST\",\"url\":\"/api/v1/auth/login\",\"status\":200}","timestamp":"2024-09-10T06:20:03.579Z"}
{"level":"\u001b[32minfo\u001b[39m","message":"{\"method\":\"POST\",\"url\":\"/api/v1/auth/login\",\"status\":200}","timestamp":"2024-09-10T06:20:15.425Z"}
{"level":"\u001b[32minfo\u001b[39m","message":"{\"method\":\"POST\",\"url\":\"/api/v1/auth/login\",\"status\":200}","timestamp":"2024-09-10T06:20:22.633Z"}
{"level":"\u001b[32minfo\u001b[39m","message":"{\"method\":\"GET\",\"url\":\"/api/v1/course/show-all-categories\",\"status\":200}","timestamp":"2024-09-10T06:20:29.863Z"}
{"level":"\u001b[32minfo\u001b[39m","message":"{\"method\":\"GET\",\"url\":\"/api/v1/course/show-all-categories\",\"status\":200}","timestamp":"2024-09-10T06:21:44.864Z"}
